[35m[Appium][39m Welcome to Appium v1.22.3
[35m[Appium][39m Non-default server args:
[35m[Appium][39m   port: 7732
[35m[Appium][39m   loglevel: info
[35m[Appium][39m   tmpDir: C:\Users\Fauzan\AppData\Local\Temp\\Katalon\Appium\Temp1659971202299
[35m[Appium][39m   chromedriverPort: 7733
[35m[Appium][39m Deprecated server args:
[35m[Appium][39m   [31m--chromedriver-port[39m => --default-capabilities
[35m[Appium][39m Default capabilities, which will be added to each request unless overridden by desired capabilities:
[35m[Appium][39m   chromedriverPort: 7733
[35m[Appium][39m Appium REST http interface listener started on 0.0.0.0:7732
[35m[HTTP][39m [37m-->[39m [37mGET[39m [37m/wd/hub/status[39m
[35m[HTTP][39m [90m{}[39m
[35m[HTTP][39m [37m<-- GET /wd/hub/status [39m[32m200[39m [90m10 ms - 68[39m
[35m[HTTP][39m [90m[39m
[35m[HTTP][39m [37m-->[39m [37mGET[39m [37m/wd/hub/status[39m
[35m[HTTP][39m [90m{}[39m
[35m[HTTP][39m [37m<-- GET /wd/hub/status [39m[32m200[39m [90m2 ms - 68[39m
[35m[HTTP][39m [90m[39m
[35m[HTTP][39m [37m-->[39m [37mPOST[39m [37m/wd/hub/session[39m
[35m[HTTP][39m [90m{"desiredCapabilities":{"appActivity":".Settings","appPackage":"com.android.settings","newCommandTimeout":1800,"platformVersion":"11","automationName":"uiautomator2","autoGrantPermissions":true,"platformName":"Android","udid":"emulator-5554","deviceName":"emulator-5554 (sdk_gphone_x86 - Android 11)","platform":"ANDROID","systemPort":8245},"capabilities":{"firstMatch":[{"appium:appActivity":".Settings","appium:appPackage":"com.android.settings","appium:autoGrantPermissions":true,"appium:automationName":"uiautomator2","appium:deviceName":"emulator-5554 (sdk_gphone_x86 - Android 11)","appium:newCommandTimeout":1800,"platform":"ANDROID","platformName":"android","appium:platformVersion":"11","appium:systemPort":8245,"appium:udid":"emulator-5554"}]}}[39m
[35m[BaseDriver][39m The following capabilities are not standard capabilities and should have an extension prefix:
[35m[BaseDriver][39m   platform
[35m[BaseDriver][39m   chromedriverPort
[35m[Appium][39m Appium v1.22.3 creating new AndroidUiautomator2Driver (v1.70.1) session
[35m[BaseDriver][39m The following capabilities were provided, but are not recognized by Appium:
[35m[BaseDriver][39m   platform
[35m[BaseDriver][39m Session created with session id: fa15f1bc-b884-4d2c-984a-dcf77ba77284
[35m[UiAutomator2][39m Starting 'com.android.settings' directly on the device
[35m[ADB][39m Found 1 'build-tools' folders under 'C:\Users\Fauzan\.katalon\tools\android_sdk' (newest first):
[35m[ADB][39m     C:/Users/Fauzan/.katalon/tools/android_sdk/build-tools/29.0.3
[35m[ADB][39m Using 'adb.exe' from 'C:\Users\Fauzan\.katalon\tools\android_sdk\platform-tools\adb.exe'
[35m[AndroidDriver][39m Retrieving device list
[35m[AndroidDriver][39m Using device: emulator-5554
[35m[ADB][39m Using 'adb.exe' from 'C:\Users\Fauzan\.katalon\tools\android_sdk\platform-tools\adb.exe'
[35m[ADB][39m Getting device platform version
[35m[UiAutomator2][39m Relaxing hidden api policy
[35m[AndroidDriver][39m No app sent in, not parsing package/activity
[35m[ADB][39m Using 'apksigner.jar' from 'C:\Users\Fauzan\.katalon\tools\android_sdk\build-tools\29.0.3\lib\apksigner.jar'
[35m[ADB][39m 'C:\Users\Fauzan\AppData\Roaming\npm\node_modules\appium\node_modules\appium-uiautomator2-server\apks\appium-uiautomator2-server-v4.27.0.apk' is signed with the default certificate
[35m[ADB][39m 'C:\Users\Fauzan\AppData\Roaming\npm\node_modules\appium\node_modules\appium-uiautomator2-server\apks\appium-uiautomator2-server-debug-androidTest.apk' is signed with the default certificate
[35m[UiAutomator2][39m Server packages are not going to be (re)installed
[35m[ADB][39m Adding packages ["io.appium.settings","io.appium.uiautomator2.server","io.appium.uiautomator2.server.test"] to Doze whitelist
[35m[UiAutomator2][39m Starting UIAutomator2 server 4.27.0
[35m[UiAutomator2][39m Using UIAutomator2 server from 'C:\Users\Fauzan\AppData\Roaming\npm\node_modules\appium\node_modules\appium-uiautomator2-server\apks\appium-uiautomator2-server-v4.27.0.apk' and test from 'C:\Users\Fauzan\AppData\Roaming\npm\node_modules\appium\node_modules\appium-uiautomator2-server\apks\appium-uiautomator2-server-debug-androidTest.apk'
[35m[UiAutomator2][39m Waiting up to 30000ms for UiAutomator2 to be online...
[35m[WD Proxy][39m socket hang up
[35m[WD Proxy][39m socket hang up
[35m[WD Proxy][39m socket hang up
[35m[WD Proxy][39m socket hang up
[35m[WD Proxy][39m Determined the downstream protocol as 'W3C'
[35m[AndroidDriver][39m Screen already unlocked, doing nothing
[35m[UiAutomator2][39m Starting 'com.android.settings/.Settings and waiting for 'com.android.settings/.Settings'
[35m[Appium][39m New AndroidUiautomator2Driver session created successfully, session fa15f1bc-b884-4d2c-984a-dcf77ba77284 added to master session list
[35m[HTTP][39m [37m<-- POST /wd/hub/session [39m[32m200[39m [90m12749 ms - 1183[39m
[35m[HTTP][39m [90m[39m
[35m[HTTP][39m [37m-->[39m [37mGET[39m [37m/wd/hub/session/fa15f1bc-b884-4d2c-984a-dcf77ba77284[39m
[35m[HTTP][39m [90m{}[39m
[35m[HTTP][39m [37m<-- GET /wd/hub/session/fa15f1bc-b884-4d2c-984a-dcf77ba77284 [39m[32m200[39m [90m25 ms - 1137[39m
[35m[HTTP][39m [90m[39m
[35m[HTTP][39m [37m-->[39m [37mGET[39m [37m/wd/hub/session/fa15f1bc-b884-4d2c-984a-dcf77ba77284[39m
[35m[HTTP][39m [90m{}[39m
[35m[HTTP][39m [37m<-- GET /wd/hub/session/fa15f1bc-b884-4d2c-984a-dcf77ba77284 [39m[32m200[39m [90m37 ms - 1137[39m
[35m[HTTP][39m [90m[39m
[35m[HTTP][39m [37m-->[39m [37mGET[39m [37m/wd/hub/status[39m
[35m[HTTP][39m [90m{}[39m
[35m[HTTP][39m [37m<-- GET /wd/hub/status [39m[32m200[39m [90m2 ms - 68[39m
[35m[HTTP][39m [90m[39m
[35m[HTTP][39m [37m-->[39m [37mPOST[39m [37m/wd/hub/session/fa15f1bc-b884-4d2c-984a-dcf77ba77284/timeouts[39m
[35m[HTTP][39m [90m{"implicit":60000}[39m
[35m[HTTP][39m [37m<-- POST /wd/hub/session/fa15f1bc-b884-4d2c-984a-dcf77ba77284/timeouts [39m[32m200[39m [90m7 ms - 14[39m
[35m[HTTP][39m [90m[39m
[35m[HTTP][39m [37m-->[39m [37mGET[39m [37m/wd/hub/session/fa15f1bc-b884-4d2c-984a-dcf77ba77284/screenshot[39m
[35m[HTTP][39m [90m{}[39m
[35m[HTTP][39m [37m<-- GET /wd/hub/session/fa15f1bc-b884-4d2c-984a-dcf77ba77284/screenshot [39m[32m200[39m [90m883 ms - 192916[39m
[35m[HTTP][39m [90m[39m
[35m[HTTP][39m [37m-->[39m [37mGET[39m [37m/wd/hub/session/fa15f1bc-b884-4d2c-984a-dcf77ba77284/window/rect[39m
[35m[HTTP][39m [90m{}[39m
[35m[HTTP][39m [37m<-- GET /wd/hub/session/fa15f1bc-b884-4d2c-984a-dcf77ba77284/window/rect [39m[32m200[39m [90m31 ms - 50[39m
[35m[HTTP][39m [90m[39m
[35m[HTTP][39m [37m-->[39m [37mGET[39m [37m/wd/hub/session/fa15f1bc-b884-4d2c-984a-dcf77ba77284/appium/device/system_bars[39m
[35m[HTTP][39m [90m{}[39m
[35m[HTTP][39m [37m<-- GET /wd/hub/session/fa15f1bc-b884-4d2c-984a-dcf77ba77284/appium/device/system_bars [39m[32m200[39m [90m340 ms - 148[39m
[35m[HTTP][39m [90m[39m
[35m[HTTP][39m [37m-->[39m [37mPOST[39m [37m/wd/hub/session/fa15f1bc-b884-4d2c-984a-dcf77ba77284/appium/device/activate_app[39m
[35m[HTTP][39m [90m{"bundleId":"com.yoesuv.androidroom"}[39m
[35m[HTTP][39m [37m<-- POST /wd/hub/session/fa15f1bc-b884-4d2c-984a-dcf77ba77284/appium/device/activate_app [39m[32m200[39m [90m732 ms - 14[39m
[35m[HTTP][39m [90m[39m
[35m[HTTP][39m [37m-->[39m [37mGET[39m [37m/wd/hub/session/fa15f1bc-b884-4d2c-984a-dcf77ba77284/source[39m
[35m[HTTP][39m [90m{}[39m
[35m[W3C (fa15f1bc)][39m Driver proxy active, passing request on via HTTP proxy
[35m[WD Proxy][39m Replacing sessionId a1b92b0f-9a68-4d7a-bb60-7d7299253955 with fa15f1bc-b884-4d2c-984a-dcf77ba77284
[35m[HTTP][39m [37m<-- GET /wd/hub/session/fa15f1bc-b884-4d2c-984a-dcf77ba77284/source [39m[32m200[39m [90m191 ms - 1456[39m
[35m[HTTP][39m [90m[39m
[35m[HTTP][39m [37m-->[39m [37mGET[39m [37m/wd/hub/session/fa15f1bc-b884-4d2c-984a-dcf77ba77284/screenshot[39m
[35m[HTTP][39m [90m{}[39m
[35m[HTTP][39m [37m<-- GET /wd/hub/session/fa15f1bc-b884-4d2c-984a-dcf77ba77284/screenshot [39m[32m200[39m [90m1068 ms - 64338[39m
[35m[HTTP][39m [90m[39m
[35m[HTTP][39m [37m-->[39m [37mPOST[39m [37m/wd/hub/session/fa15f1bc-b884-4d2c-984a-dcf77ba77284/elements[39m
[35m[HTTP][39m [90m{"using":"xpath","value":"//*[@class = 'android.widget.FrameLayout' and @resource-id = 'android:id/content' and (@text = '' or . = '')]"}[39m
[35m[HTTP][39m [37m<-- POST /wd/hub/session/fa15f1bc-b884-4d2c-984a-dcf77ba77284/elements [39m[32m200[39m [90m1862 ms - 139[39m
[35m[HTTP][39m [90m[39m
[35m[HTTP][39m [37m-->[39m [37mGET[39m [37m/wd/hub/session/fa15f1bc-b884-4d2c-984a-dcf77ba77284/window/rect[39m
[35m[HTTP][39m [90m{}[39m
[35m[HTTP][39m [37m<-- GET /wd/hub/session/fa15f1bc-b884-4d2c-984a-dcf77ba77284/window/rect [39m[32m200[39m [90m28 ms - 50[39m
[35m[HTTP][39m [90m[39m
[35m[HTTP][39m [37m-->[39m [37mPOST[39m [37m/wd/hub/session/fa15f1bc-b884-4d2c-984a-dcf77ba77284/elements[39m
[35m[HTTP][39m [90m{"using":"xpath","value":"//*[@class = 'android.widget.FrameLayout' and @resource-id = 'android:id/content' and (@text = '' or . = '')]"}[39m
[35m[HTTP][39m [37m<-- POST /wd/hub/session/fa15f1bc-b884-4d2c-984a-dcf77ba77284/elements [39m[32m200[39m [90m183 ms - 139[39m
[35m[HTTP][39m [90m[39m
[35m[HTTP][39m [37m-->[39m [37mGET[39m [37m/wd/hub/session/fa15f1bc-b884-4d2c-984a-dcf77ba77284/element/00000000-0000-00a9-ffff-ffff00000005/location[39m
[35m[HTTP][39m [90m{}[39m
[35m[W3C (fa15f1bc)][39m Driver proxy active, passing request on via HTTP proxy
[35m[WD Proxy][39m Replacing sessionId a1b92b0f-9a68-4d7a-bb60-7d7299253955 with fa15f1bc-b884-4d2c-984a-dcf77ba77284
[35m[HTTP][39m [37m<-- GET /wd/hub/session/fa15f1bc-b884-4d2c-984a-dcf77ba77284/element/00000000-0000-00a9-ffff-ffff00000005/location [39m[32m200[39m [90m39 ms - 75[39m
[35m[HTTP][39m [90m[39m
[35m[HTTP][39m [37m-->[39m [37mPOST[39m [37m/wd/hub/session/fa15f1bc-b884-4d2c-984a-dcf77ba77284/element/00000000-0000-00a9-ffff-ffff00000005/click[39m
[35m[HTTP][39m [90m{"id":"00000000-0000-00a9-ffff-ffff00000005"}[39m
[35m[HTTP][39m [37m<-- POST /wd/hub/session/fa15f1bc-b884-4d2c-984a-dcf77ba77284/element/00000000-0000-00a9-ffff-ffff00000005/click [39m[32m200[39m [90m843 ms - 14[39m
[35m[HTTP][39m [90m[39m
[35m[HTTP][39m [37m-->[39m [37mGET[39m [37m/wd/hub/session/fa15f1bc-b884-4d2c-984a-dcf77ba77284/source[39m
[35m[HTTP][39m [90m{}[39m
[35m[W3C (fa15f1bc)][39m Driver proxy active, passing request on via HTTP proxy
[35m[WD Proxy][39m Replacing sessionId a1b92b0f-9a68-4d7a-bb60-7d7299253955 with fa15f1bc-b884-4d2c-984a-dcf77ba77284
[35m[HTTP][39m [37m<-- GET /wd/hub/session/fa15f1bc-b884-4d2c-984a-dcf77ba77284/source [39m[32m200[39m [90m111 ms - 7518[39m
[35m[HTTP][39m [90m[39m
[35m[HTTP][39m [37m-->[39m [37mGET[39m [37m/wd/hub/session/fa15f1bc-b884-4d2c-984a-dcf77ba77284/screenshot[39m
[35m[HTTP][39m [90m{}[39m
[35m[HTTP][39m [37m<-- GET /wd/hub/session/fa15f1bc-b884-4d2c-984a-dcf77ba77284/screenshot [39m[32m200[39m [90m679 ms - 63826[39m
[35m[HTTP][39m [90m[39m
[35m[HTTP][39m [37m-->[39m [37mPOST[39m [37m/wd/hub/session/fa15f1bc-b884-4d2c-984a-dcf77ba77284/elements[39m
[35m[HTTP][39m [90m{"using":"xpath","value":"//*[@class = 'android.widget.ImageView' and @resource-id = 'com.yoesuv.androidroom:id/ivMenuMore' and (@text = '' or . = '')]"}[39m
[35m[HTTP][39m [37m<-- POST /wd/hub/session/fa15f1bc-b884-4d2c-984a-dcf77ba77284/elements [39m[32m200[39m [90m354 ms - 139[39m
[35m[HTTP][39m [90m[39m
[35m[HTTP][39m [37m-->[39m [37mGET[39m [37m/wd/hub/session/fa15f1bc-b884-4d2c-984a-dcf77ba77284/window/rect[39m
[35m[HTTP][39m [90m{}[39m
[35m[HTTP][39m [37m<-- GET /wd/hub/session/fa15f1bc-b884-4d2c-984a-dcf77ba77284/window/rect [39m[32m200[39m [90m37 ms - 50[39m
[35m[HTTP][39m [90m[39m
[35m[HTTP][39m [37m-->[39m [37mPOST[39m [37m/wd/hub/session/fa15f1bc-b884-4d2c-984a-dcf77ba77284/elements[39m
[35m[HTTP][39m [90m{"using":"xpath","value":"//*[@class = 'android.widget.ImageView' and @resource-id = 'com.yoesuv.androidroom:id/ivMenuMore' and (@text = '' or . = '')]"}[39m
[35m[HTTP][39m [37m<-- POST /wd/hub/session/fa15f1bc-b884-4d2c-984a-dcf77ba77284/elements [39m[32m200[39m [90m300 ms - 139[39m
[35m[HTTP][39m [90m[39m
[35m[HTTP][39m [37m-->[39m [37mGET[39m [37m/wd/hub/session/fa15f1bc-b884-4d2c-984a-dcf77ba77284/element/00000000-0000-00a9-ffff-ffff00000013/location[39m
[35m[HTTP][39m [90m{}[39m
[35m[W3C (fa15f1bc)][39m Driver proxy active, passing request on via HTTP proxy
[35m[WD Proxy][39m Replacing sessionId a1b92b0f-9a68-4d7a-bb60-7d7299253955 with fa15f1bc-b884-4d2c-984a-dcf77ba77284
[35m[HTTP][39m [37m<-- GET /wd/hub/session/fa15f1bc-b884-4d2c-984a-dcf77ba77284/element/00000000-0000-00a9-ffff-ffff00000013/location [39m[32m200[39m [90m46 ms - 79[39m
[35m[HTTP][39m [90m[39m
[35m[HTTP][39m [37m-->[39m [37mPOST[39m [37m/wd/hub/session/fa15f1bc-b884-4d2c-984a-dcf77ba77284/element/00000000-0000-00a9-ffff-ffff00000013/click[39m
[35m[HTTP][39m [90m{"id":"00000000-0000-00a9-ffff-ffff00000013"}[39m
[35m[HTTP][39m [37m<-- POST /wd/hub/session/fa15f1bc-b884-4d2c-984a-dcf77ba77284/element/00000000-0000-00a9-ffff-ffff00000013/click [39m[32m200[39m [90m1457 ms - 14[39m
[35m[HTTP][39m [90m[39m
[35m[HTTP][39m [37m-->[39m [37mGET[39m [37m/wd/hub/session/fa15f1bc-b884-4d2c-984a-dcf77ba77284/source[39m
[35m[HTTP][39m [90m{}[39m
[35m[W3C (fa15f1bc)][39m Driver proxy active, passing request on via HTTP proxy
[35m[WD Proxy][39m Replacing sessionId a1b92b0f-9a68-4d7a-bb60-7d7299253955 with fa15f1bc-b884-4d2c-984a-dcf77ba77284
[35m[HTTP][39m [37m<-- GET /wd/hub/session/fa15f1bc-b884-4d2c-984a-dcf77ba77284/source [39m[32m200[39m [90m124 ms - 3772[39m
[35m[HTTP][39m [90m[39m
[35m[HTTP][39m [37m-->[39m [37mGET[39m [37m/wd/hub/session/fa15f1bc-b884-4d2c-984a-dcf77ba77284/screenshot[39m
[35m[HTTP][39m [90m{}[39m
[35m[HTTP][39m [37m<-- GET /wd/hub/session/fa15f1bc-b884-4d2c-984a-dcf77ba77284/screenshot [39m[32m200[39m [90m967 ms - 77068[39m
[35m[HTTP][39m [90m[39m
[35m[HTTP][39m [37m-->[39m [37mPOST[39m [37m/wd/hub/session/fa15f1bc-b884-4d2c-984a-dcf77ba77284/elements[39m
[35m[HTTP][39m [90m{"using":"xpath","value":"//*[@class = 'android.widget.TextView' and (@text = 'EDIT' or . = 'EDIT') and @resource-id = 'com.yoesuv.androidroom:id/tvEditTask']"}[39m
[35m[HTTP][39m [37m<-- POST /wd/hub/session/fa15f1bc-b884-4d2c-984a-dcf77ba77284/elements [39m[32m200[39m [90m736 ms - 139[39m
[35m[HTTP][39m [90m[39m
[35m[HTTP][39m [37m-->[39m [37mGET[39m [37m/wd/hub/session/fa15f1bc-b884-4d2c-984a-dcf77ba77284/window/rect[39m
[35m[HTTP][39m [90m{}[39m
[35m[HTTP][39m [37m<-- GET /wd/hub/session/fa15f1bc-b884-4d2c-984a-dcf77ba77284/window/rect [39m[32m200[39m [90m21 ms - 50[39m
[35m[HTTP][39m [90m[39m
[35m[HTTP][39m [37m-->[39m [37mPOST[39m [37m/wd/hub/session/fa15f1bc-b884-4d2c-984a-dcf77ba77284/elements[39m
[35m[HTTP][39m [90m{"using":"xpath","value":"//*[@class = 'android.widget.TextView' and (@text = 'EDIT' or . = 'EDIT') and @resource-id = 'com.yoesuv.androidroom:id/tvEditTask']"}[39m
[35m[HTTP][39m [37m<-- POST /wd/hub/session/fa15f1bc-b884-4d2c-984a-dcf77ba77284/elements [39m[32m200[39m [90m122 ms - 139[39m
[35m[HTTP][39m [90m[39m
[35m[HTTP][39m [37m-->[39m [37mGET[39m [37m/wd/hub/session/fa15f1bc-b884-4d2c-984a-dcf77ba77284/element/00000000-0000-00b1-ffff-ffff0000001d/location[39m
[35m[HTTP][39m [90m{}[39m
[35m[W3C (fa15f1bc)][39m Driver proxy active, passing request on via HTTP proxy
[35m[WD Proxy][39m Replacing sessionId a1b92b0f-9a68-4d7a-bb60-7d7299253955 with fa15f1bc-b884-4d2c-984a-dcf77ba77284
[35m[HTTP][39m [37m<-- GET /wd/hub/session/fa15f1bc-b884-4d2c-984a-dcf77ba77284/element/00000000-0000-00b1-ffff-ffff0000001d/location [39m[32m200[39m [90m32 ms - 78[39m
[35m[HTTP][39m [90m[39m
[35m[HTTP][39m [37m-->[39m [37mPOST[39m [37m/wd/hub/session/fa15f1bc-b884-4d2c-984a-dcf77ba77284/element/00000000-0000-00b1-ffff-ffff0000001d/click[39m
[35m[HTTP][39m [90m{"id":"00000000-0000-00b1-ffff-ffff0000001d"}[39m
[35m[HTTP][39m [37m<-- POST /wd/hub/session/fa15f1bc-b884-4d2c-984a-dcf77ba77284/element/00000000-0000-00b1-ffff-ffff0000001d/click [39m[32m200[39m [90m108 ms - 14[39m
[35m[HTTP][39m [90m[39m
[35m[HTTP][39m [37m-->[39m [37mGET[39m [37m/wd/hub/session/fa15f1bc-b884-4d2c-984a-dcf77ba77284/source[39m
[35m[HTTP][39m [90m{}[39m
[35m[W3C (fa15f1bc)][39m Driver proxy active, passing request on via HTTP proxy
[35m[WD Proxy][39m Replacing sessionId a1b92b0f-9a68-4d7a-bb60-7d7299253955 with fa15f1bc-b884-4d2c-984a-dcf77ba77284
[35m[HTTP][39m [37m<-- GET /wd/hub/session/fa15f1bc-b884-4d2c-984a-dcf77ba77284/source [39m[32m200[39m [90m400 ms - 7228[39m
[35m[HTTP][39m [90m[39m
[35m[HTTP][39m [37m-->[39m [37mGET[39m [37m/wd/hub/session/fa15f1bc-b884-4d2c-984a-dcf77ba77284/screenshot[39m
[35m[HTTP][39m [90m{}[39m
[35m[HTTP][39m [37m<-- GET /wd/hub/session/fa15f1bc-b884-4d2c-984a-dcf77ba77284/screenshot [39m[32m200[39m [90m1018 ms - 105136[39m
[35m[HTTP][39m [90m[39m
[35m[HTTP][39m [37m-->[39m [37mPOST[39m [37m/wd/hub/session/fa15f1bc-b884-4d2c-984a-dcf77ba77284/elements[39m
[35m[HTTP][39m [90m{"using":"xpath","value":"//*[@class = 'android.widget.Button' and (@text = 'CANCEL' or . = 'CANCEL') and @resource-id = 'com.yoesuv.androidroom:id/buttonCancel']"}[39m
[35m[HTTP][39m [37m<-- POST /wd/hub/session/fa15f1bc-b884-4d2c-984a-dcf77ba77284/elements [39m[32m200[39m [90m327 ms - 139[39m
[35m[HTTP][39m [90m[39m
[35m[HTTP][39m [37m-->[39m [37mGET[39m [37m/wd/hub/session/fa15f1bc-b884-4d2c-984a-dcf77ba77284/window/rect[39m
[35m[HTTP][39m [90m{}[39m
[35m[HTTP][39m [37m<-- GET /wd/hub/session/fa15f1bc-b884-4d2c-984a-dcf77ba77284/window/rect [39m[32m200[39m [90m38 ms - 50[39m
[35m[HTTP][39m [90m[39m
[35m[HTTP][39m [37m-->[39m [37mPOST[39m [37m/wd/hub/session/fa15f1bc-b884-4d2c-984a-dcf77ba77284/elements[39m
[35m[HTTP][39m [90m{"using":"xpath","value":"//*[@class = 'android.widget.Button' and (@text = 'CANCEL' or . = 'CANCEL') and @resource-id = 'com.yoesuv.androidroom:id/buttonCancel']"}[39m
[35m[HTTP][39m [37m<-- POST /wd/hub/session/fa15f1bc-b884-4d2c-984a-dcf77ba77284/elements [39m[32m200[39m [90m265 ms - 139[39m
[35m[HTTP][39m [90m[39m
[35m[HTTP][39m [37m-->[39m [37mGET[39m [37m/wd/hub/session/fa15f1bc-b884-4d2c-984a-dcf77ba77284/element/00000000-0000-00b2-ffff-ffff00000047/location[39m
[35m[HTTP][39m [90m{}[39m
[35m[W3C (fa15f1bc)][39m Driver proxy active, passing request on via HTTP proxy
[35m[WD Proxy][39m Replacing sessionId a1b92b0f-9a68-4d7a-bb60-7d7299253955 with fa15f1bc-b884-4d2c-984a-dcf77ba77284
[35m[HTTP][39m [37m<-- GET /wd/hub/session/fa15f1bc-b884-4d2c-984a-dcf77ba77284/element/00000000-0000-00b2-ffff-ffff00000047/location [39m[32m200[39m [90m49 ms - 79[39m
[35m[HTTP][39m [90m[39m
[35m[HTTP][39m [37m-->[39m [37mPOST[39m [37m/wd/hub/session/fa15f1bc-b884-4d2c-984a-dcf77ba77284/element/00000000-0000-00b2-ffff-ffff00000047/click[39m
[35m[HTTP][39m [90m{"id":"00000000-0000-00b2-ffff-ffff00000047"}[39m
[35m[HTTP][39m [37m<-- POST /wd/hub/session/fa15f1bc-b884-4d2c-984a-dcf77ba77284/element/00000000-0000-00b2-ffff-ffff00000047/click [39m[32m200[39m [90m180 ms - 14[39m
[35m[HTTP][39m [90m[39m
[35m[HTTP][39m [37m-->[39m [37mGET[39m [37m/wd/hub/session/fa15f1bc-b884-4d2c-984a-dcf77ba77284/source[39m
[35m[HTTP][39m [90m{}[39m
[35m[W3C (fa15f1bc)][39m Driver proxy active, passing request on via HTTP proxy
[35m[WD Proxy][39m Replacing sessionId a1b92b0f-9a68-4d7a-bb60-7d7299253955 with fa15f1bc-b884-4d2c-984a-dcf77ba77284
[35m[HTTP][39m [37m<-- GET /wd/hub/session/fa15f1bc-b884-4d2c-984a-dcf77ba77284/source [39m[32m200[39m [90m176 ms - 7518[39m
[35m[HTTP][39m [90m[39m
[35m[HTTP][39m [37m-->[39m [37mGET[39m [37m/wd/hub/session/fa15f1bc-b884-4d2c-984a-dcf77ba77284/screenshot[39m
[35m[HTTP][39m [90m{}[39m
[35m[HTTP][39m [37m<-- GET /wd/hub/session/fa15f1bc-b884-4d2c-984a-dcf77ba77284/screenshot [39m[32m200[39m [90m959 ms - 64498[39m
[35m[HTTP][39m [90m[39m
[35m[HTTP][39m [37m-->[39m [37mDELETE[39m [37m/wd/hub/session/fa15f1bc-b884-4d2c-984a-dcf77ba77284[39m
[35m[HTTP][39m [90m{}[39m
[35m[Appium][39m Removing session fa15f1bc-b884-4d2c-984a-dcf77ba77284 from our master session list
[35m[UiAutomator2][39m Restoring hidden api policy to the device default configuration
[35m[HTTP][39m [37m<-- DELETE /wd/hub/session/fa15f1bc-b884-4d2c-984a-dcf77ba77284 [39m[32m200[39m [90m690 ms - 14[39m
[35m[HTTP][39m [90m[39m
